#
# There is insufficient memory for the Java Runtime Environment to continue.
# Native memory allocation (mmap) failed to map 48234496 bytes. Error detail: G1 virtual space
# Possible reasons:
#   The system is out of physical RAM or swap space
#   This process is running with CompressedOops enabled, and the Java Heap may be blocking the growth of the native heap
# Possible solutions:
#   Reduce memory load on the system
#   Increase physical memory or swap space
#   Check if swap backing store is full
#   Decrease Java heap size (-Xmx/-Xms)
#   Decrease number of Java threads
#   Decrease Java thread stack sizes (-Xss)
#   Set larger code cache with -XX:ReservedCodeCacheSize=
#   JVM is running with Zero Based Compressed Oops mode in which the Java heap is
#     placed in the first 32GB address space. The Java Heap base address is the
#     maximum limit for the native heap growth. Please use -XX:HeapBaseMinAddress
#     to set the Java Heap base and to place the Java Heap above 32GB virtual address.
# This output file may be truncated or incomplete.
#
#  Out of Memory Error (os_windows.cpp:3703), pid=9756, tid=14208
#
# JRE version: OpenJDK Runtime Environment (23.0.1+11) (build 23.0.1+11-39)
# Java VM: OpenJDK 64-Bit Server VM (23.0.1+11-39, mixed mode, emulated-client, sharing, tiered, compressed oops, compressed class ptrs, g1 gc, windows-amd64)
# No core dump will be written. Minidumps are not enabled by default on client versions of Windows
#

---------------  S U M M A R Y ------------

Command Line: -XX:TieredStopAtLevel=1 -Dspring.output.ansi.enabled=always -Dcom.sun.management.jmxremote -Dspring.jmx.enabled=true -Dspring.liveBeansView.mbeanDomain -Dspring.application.admin.enabled=true -Dmanagement.endpoints.jmx.exposure.include=* -javaagent:C:\Users\Rebecca Sacarescu\AppData\Local\JetBrains\IntelliJ IDEA 2024.3\lib\idea_rt.jar=49390:C:\Users\Rebecca Sacarescu\AppData\Local\JetBrains\IntelliJ IDEA 2024.3\bin -Dfile.encoding=UTF-8 -Dsun.stdout.encoding=UTF-8 -Dsun.stderr.encoding=UTF-8 com.marecca.workoutTracker.WorkoutTrackerApplication

Host: 11th Gen Intel(R) Core(TM) i7-1165G7 @ 2.80GHz, 8 cores, 15G,  Windows 11 , 64 bit Build 26100 (10.0.26100.3912)
Time: Thu May 29 14:25:13 2025 GTB Daylight Time elapsed time: 21.321068 seconds (0d 0h 0m 21s)

---------------  T H R E A D  ---------------

Current thread (0x00000180586c32d0):  VMThread "VM Thread"          [id=14208, stack(0x0000002f99e00000,0x0000002f99f00000) (1024K)]

Stack: [0x0000002f99e00000,0x0000002f99f00000]
Native frames: (J=compiled Java code, j=interpreted, Vv=VM code, C=native code)
V  [jvm.dll+0x6e08b9]  (no source info available)
V  [jvm.dll+0x87dc83]  (no source info available)
V  [jvm.dll+0x88010e]  (no source info available)
V  [jvm.dll+0x8807e3]  (no source info available)
V  [jvm.dll+0x27aee6]  (no source info available)
V  [jvm.dll+0x6dd1c5]  (no source info available)
V  [jvm.dll+0x6d104a]  (no source info available)
V  [jvm.dll+0x35b3ea]  (no source info available)
V  [jvm.dll+0x3637f6]  (no source info available)
V  [jvm.dll+0x34fd5e]  (no source info available)
V  [jvm.dll+0x34fff8]  (no source info available)
V  [jvm.dll+0x3289cc]  (no source info available)
V  [jvm.dll+0x328a5a]  (no source info available)
V  [jvm.dll+0x374c92]  (no source info available)
V  [jvm.dll+0x373392]  (no source info available)
V  [jvm.dll+0x3281a7]  (no source info available)
V  [jvm.dll+0x372b44]  (no source info available)
V  [jvm.dll+0x886720]  (no source info available)
V  [jvm.dll+0x887a47]  (no source info available)
V  [jvm.dll+0x887f78]  (no source info available)
V  [jvm.dll+0x888213]  (no source info available)
V  [jvm.dll+0x824f8b]  (no source info available)
V  [jvm.dll+0x6df065]  (no source info available)
C  [ucrtbase.dll+0x37b0]  (no source info available)
C  [KERNEL32.DLL+0x2e8d7]  (no source info available)
C  [ntdll.dll+0x9c5dc]  (no source info available)

VM_Operation (0x0000002f9b9f8980): G1CollectForAllocation, mode: safepoint, requested by thread 0x000001805d1a45e0


---------------  P R O C E S S  ---------------

Threads class SMR info:
_java_thread_list=0x000001805f2f57b0, length=26, elements={
0x00000180453f01a0, 0x00000180586db2f0, 0x00000180586dde60, 0x00000180586e3230,
0x00000180586e5320, 0x00000180586e60e0, 0x00000180586f13b0, 0x00000180586f7920,
0x00000180586f3480, 0x00000180410ad550, 0x00000180411165a0, 0x00000180586f3b10,
0x00000180586f41a0, 0x00000180586f0d20, 0x00000180586f1a40, 0x00000180586f20d0,
0x00000180586f2760, 0x00000180586f2df0, 0x000001805d1a4c70, 0x000001805d1a45e0,
0x000001805d1a6020, 0x000001805d1a2ba0, 0x000001805d1a66b0, 0x000001805d1a3230,
0x000001805d1a6d40, 0x000001805e630cf0
}

Java Threads: ( => current thread )
  0x00000180453f01a0 JavaThread "main"                              [_thread_blocked, id=17000, stack(0x0000002f99700000,0x0000002f99800000) (1024K)]
  0x00000180586db2f0 JavaThread "Reference Handler"          daemon [_thread_blocked, id=6796, stack(0x0000002f99f00000,0x0000002f9a000000) (1024K)]
  0x00000180586dde60 JavaThread "Finalizer"                  daemon [_thread_blocked, id=15568, stack(0x0000002f9a000000,0x0000002f9a100000) (1024K)]
  0x00000180586e3230 JavaThread "Signal Dispatcher"          daemon [_thread_blocked, id=15992, stack(0x0000002f9a100000,0x0000002f9a200000) (1024K)]
  0x00000180586e5320 JavaThread "Attach Listener"            daemon [_thread_blocked, id=10832, stack(0x0000002f9a200000,0x0000002f9a300000) (1024K)]
  0x00000180586e60e0 JavaThread "Service Thread"             daemon [_thread_blocked, id=17656, stack(0x0000002f9a300000,0x0000002f9a400000) (1024K)]
  0x00000180586f13b0 JavaThread "Monitor Deflation Thread"   daemon [_thread_blocked, id=12740, stack(0x0000002f9a400000,0x0000002f9a500000) (1024K)]
  0x00000180586f7920 JavaThread "C1 CompilerThread0"         daemon [_thread_blocked, id=2664, stack(0x0000002f9a500000,0x0000002f9a600000) (1024K)]
  0x00000180586f3480 JavaThread "Common-Cleaner"             daemon [_thread_blocked, id=18416, stack(0x0000002f9a600000,0x0000002f9a700000) (1024K)]
  0x00000180410ad550 JavaThread "C1 CompilerThread1"         daemon [_thread_blocked, id=16808, stack(0x0000002f9a700000,0x0000002f9a800000) (1024K)]
  0x00000180411165a0 JavaThread "C1 CompilerThread2"         daemon [_thread_blocked, id=6180, stack(0x0000002f9a800000,0x0000002f9a900000) (1024K)]
  0x00000180586f3b10 JavaThread "Monitor Ctrl-Break"         daemon [_thread_in_native, id=6980, stack(0x0000002f9aa00000,0x0000002f9ab00000) (1024K)]
  0x00000180586f41a0 JavaThread "Notification Thread"        daemon [_thread_blocked, id=7892, stack(0x0000002f9ab00000,0x0000002f9ac00000) (1024K)]
  0x00000180586f0d20 JavaThread "RMI TCP Accept-0"           daemon [_thread_in_native, id=2328, stack(0x0000002f9ac00000,0x0000002f9ad00000) (1024K)]
  0x00000180586f1a40 JavaThread "RMI TCP Connection(1)-192.168.50.106" daemon [_thread_blocked, id=14744, stack(0x0000002f9ad00000,0x0000002f9ae00000) (1024K)]
  0x00000180586f20d0 JavaThread "RMI Scheduler(0)"           daemon [_thread_blocked, id=8268, stack(0x0000002f9ae00000,0x0000002f9af00000) (1024K)]
  0x00000180586f2760 JavaThread "JMX server connection timeout 26" daemon [_thread_blocked, id=9976, stack(0x0000002f9af00000,0x0000002f9b000000) (1024K)]
  0x00000180586f2df0 JavaThread "RMI TCP Connection(2)-192.168.50.106" daemon [_thread_blocked, id=11824, stack(0x0000002f9b700000,0x0000002f9b800000) (1024K)]
  0x000001805d1a4c70 JavaThread "Thread-0"                          [_thread_blocked, id=9492, stack(0x0000002f9b800000,0x0000002f9b900000) (1024K)]
  0x000001805d1a45e0 JavaThread "restartedMain"                     [_thread_blocked, id=12404, stack(0x0000002f9b900000,0x0000002f9ba00000) (1024K)]
  0x000001805d1a6020 JavaThread "Catalina-utility-1"                [_thread_blocked, id=14124, stack(0x0000002f9bb00000,0x0000002f9bc00000) (1024K)]
  0x000001805d1a2ba0 JavaThread "Catalina-utility-2"                [_thread_blocked, id=13956, stack(0x0000002f9bc00000,0x0000002f9bd00000) (1024K)]
  0x000001805d1a66b0 JavaThread "container-0"                       [_thread_blocked, id=19188, stack(0x0000002f9bd00000,0x0000002f9be00000) (1024K)]
  0x000001805d1a3230 JavaThread "PostgreSQL-JDBC-Cleaner"    daemon [_thread_blocked, id=19060, stack(0x0000002f9be00000,0x0000002f9bf00000) (1024K)]
  0x000001805d1a6d40 JavaThread "HikariPool-1:housekeeper"   daemon [_thread_blocked, id=1028, stack(0x0000002f9bf00000,0x0000002f9c000000) (1024K)]
  0x000001805e630cf0 JavaThread "C1 CompilerThread3"         daemon [_thread_blocked, id=19356, stack(0x0000002f9c000000,0x0000002f9c100000) (1024K)]
Total: 26

Other Threads:
=>0x00000180586c32d0 VMThread "VM Thread"                           [id=14208, stack(0x0000002f99e00000,0x0000002f99f00000) (1024K)]
  0x00000180586b2ae0 WatcherThread "VM Periodic Task Thread"        [id=8788, stack(0x0000002f99d00000,0x0000002f99e00000) (1024K)]
  0x0000018042faded0 WorkerThread "GC Thread#0"                     [id=11744, stack(0x0000002f99800000,0x0000002f99900000) (1024K)]
  0x0000018041a1d920 WorkerThread "GC Thread#1"                     [id=5036, stack(0x0000002f9b000000,0x0000002f9b100000) (1024K)]
  0x00000180419f66c0 WorkerThread "GC Thread#2"                     [id=8520, stack(0x0000002f9b100000,0x0000002f9b200000) (1024K)]
  0x00000180419f6a70 WorkerThread "GC Thread#3"                     [id=6288, stack(0x0000002f9b200000,0x0000002f9b300000) (1024K)]
  0x00000180419f7230 WorkerThread "GC Thread#4"                     [id=9164, stack(0x0000002f9b300000,0x0000002f9b400000) (1024K)]
  0x00000180419fd140 WorkerThread "GC Thread#5"                     [id=5328, stack(0x0000002f9b400000,0x0000002f9b500000) (1024K)]
  0x00000180419feb10 WorkerThread "GC Thread#6"                     [id=20268, stack(0x0000002f9b500000,0x0000002f9b600000) (1024K)]
  0x00000180419fd8a0 WorkerThread "GC Thread#7"                     [id=328, stack(0x0000002f9b600000,0x0000002f9b700000) (1024K)]
  0x0000018045466970 ConcurrentGCThread "G1 Main Marker"            [id=16420, stack(0x0000002f99900000,0x0000002f99a00000) (1024K)]
  0x0000018045468110 WorkerThread "G1 Conc#0"                       [id=16884, stack(0x0000002f99a00000,0x0000002f99b00000) (1024K)]
  0x000001805d5c1790 WorkerThread "G1 Conc#1"                       [id=14888, stack(0x0000002f9ba00000,0x0000002f9bb00000) (1024K)]
  0x000001805857e6a0 ConcurrentGCThread "G1 Refine#0"               [id=8504, stack(0x0000002f99b00000,0x0000002f99c00000) (1024K)]
  0x000001805857fee0 ConcurrentGCThread "G1 Service"                [id=8080, stack(0x0000002f99c00000,0x0000002f99d00000) (1024K)]
Total: 15

Threads with active compile tasks:
Total: 0

VM state: at safepoint (normal execution)

VM Mutex/Monitor currently owned by a thread:  ([mutex/lock_event])
[0x00007ffc38313910] Threads_lock - owner thread: 0x00000180586c32d0
[0x00007ffc38313a10] Heap_lock - owner thread: 0x000001805d1a45e0

Heap address: 0x0000000704200000, size: 4030 MB, Compressed Oops mode: Zero based, Oop shift amount: 3

CDS archive(s) mapped at: [0x0000018000000000-0x0000018000d70000-0x0000018000d70000), size 14090240, SharedBaseAddress: 0x0000018000000000, ArchiveRelocationMode: 1.
Compressed class space mapped at: 0x0000018001000000-0x0000018041000000, reserved size: 1073741824
Narrow klass base: 0x0000018000000000, Narrow klass shift: 0, Narrow klass range: 0x41000000

GC Precious Log:
 CardTable entry size: 512
 Card Set container configuration: InlinePtr #cards 4 size 8 Array Of Cards #cards 16 size 48 Howl #buckets 8 coarsen threshold 3686 Howl Bitmap #cards 512 size 80 coarsen threshold 460 Card regions per heap region 1 cards per card region 4096
 CPUs: 8 total, 8 available
 Memory: 16118M
 Large Page Support: Disabled
 NUMA Support: Disabled
 Compressed Oops: Enabled (Zero based)
 Heap Region Size: 2M
 Heap Min Capacity: 8M
 Heap Initial Capacity: 252M
 Heap Max Capacity: 4030M
 Pre-touch: Disabled
 Parallel Workers: 8
 Concurrent Workers: 2
 Concurrent Refinement Workers: 8
 Periodic GC: Disabled

Heap:
 garbage-first heap   total reserved 4126720K, committed 223232K, used 96216K [0x0000000704200000, 0x0000000800000000)
  region size 2048K, 6 young (12288K), 6 survivors (12288K)
 Metaspace       used 65756K, committed 66432K, reserved 1114112K
  class space    used 9971K, committed 10240K, reserved 1048576K

Heap Regions: E=young(eden), S=young(survivor), O=old, HS=humongous(starts), HC=humongous(continues), CS=collection set, F=free, TAMS=top-at-mark-start, PB=parsable bottom
|   0|0x0000000704200000, 0x0000000704400000, 0x0000000704400000|100%| O|  |TAMS 0x0000000704200000| PB 0x0000000704200000| Untracked |  0
|   1|0x0000000704400000, 0x0000000704600000, 0x0000000704600000|100%| O|  |TAMS 0x0000000704400000| PB 0x0000000704400000| Untracked |  0
|   2|0x0000000704600000, 0x0000000704800000, 0x0000000704800000|100%| O|  |TAMS 0x0000000704600000| PB 0x0000000704600000| Untracked |  0
|   3|0x0000000704800000, 0x00000007049f6078, 0x0000000704a00000| 98%| O|  |TAMS 0x0000000704800000| PB 0x0000000704800000| Untracked |  0
|   4|0x0000000704a00000, 0x0000000704c00000, 0x0000000704c00000|100%| O|  |TAMS 0x0000000704a00000| PB 0x0000000704a00000| Untracked |  0
|   5|0x0000000704c00000, 0x0000000704e00000, 0x0000000704e00000|100%| O|  |TAMS 0x0000000704c00000| PB 0x0000000704c00000| Untracked |  0
|   6|0x0000000704e00000, 0x0000000705000000, 0x0000000705000000|100%| O|  |TAMS 0x0000000704e00000| PB 0x0000000704e00000| Untracked |  0
|   7|0x0000000705000000, 0x0000000705200000, 0x0000000705200000|100%| O|  |TAMS 0x0000000705000000| PB 0x0000000705000000| Untracked |  0
|   8|0x0000000705200000, 0x0000000705200000, 0x0000000705400000|  0%| F|  |TAMS 0x0000000705200000| PB 0x0000000705200000| Untracked |  0
|   9|0x0000000705400000, 0x0000000705600000, 0x0000000705600000|100%| O|  |TAMS 0x0000000705400000| PB 0x0000000705400000| Untracked |  0
|  10|0x0000000705600000, 0x0000000705800000, 0x0000000705800000|100%| O|  |TAMS 0x0000000705600000| PB 0x0000000705600000| Untracked |  0
|  11|0x0000000705800000, 0x0000000705a00000, 0x0000000705a00000|100%| O|  |TAMS 0x0000000705800000| PB 0x0000000705800000| Untracked |  0
|  12|0x0000000705a00000, 0x0000000705c00000, 0x0000000705c00000|100%| O|  |TAMS 0x0000000705a00000| PB 0x0000000705a00000| Untracked |  0
|  13|0x0000000705c00000, 0x0000000705e00000, 0x0000000705e00000|100%| O|  |TAMS 0x0000000705c00000| PB 0x0000000705c00000| Untracked |  0
|  14|0x0000000705e00000, 0x0000000705e00000, 0x0000000706000000|  0%| F|  |TAMS 0x0000000705e00000| PB 0x0000000705e00000| Untracked |  0
|  15|0x0000000706000000, 0x0000000706200000, 0x0000000706200000|100%| O|  |TAMS 0x0000000706000000| PB 0x0000000706000000| Untracked |  0
|  16|0x0000000706200000, 0x0000000706400000, 0x0000000706400000|100%| O|  |TAMS 0x0000000706200000| PB 0x0000000706200000| Untracked |  0
|  17|0x0000000706400000, 0x0000000706600000, 0x0000000706600000|100%| O|  |TAMS 0x0000000706400000| PB 0x0000000706400000| Untracked |  0
|  18|0x0000000706600000, 0x0000000706800000, 0x0000000706800000|100%| O|  |TAMS 0x0000000706600000| PB 0x0000000706600000| Untracked |  0
|  19|0x0000000706800000, 0x0000000706a00000, 0x0000000706a00000|100%| O|  |TAMS 0x0000000706800000| PB 0x0000000706800000| Untracked |  0
|  20|0x0000000706a00000, 0x0000000706c00000, 0x0000000706c00000|100%| O|  |TAMS 0x0000000706a00000| PB 0x0000000706a00000| Untracked |  0
|  21|0x0000000706c00000, 0x0000000706c00000, 0x0000000706e00000|  0%| F|  |TAMS 0x0000000706c00000| PB 0x0000000706c00000| Untracked |  0
|  22|0x0000000706e00000, 0x0000000707000000, 0x0000000707000000|100%| O|  |TAMS 0x0000000706e00000| PB 0x0000000706e00000| Untracked |  0
|  23|0x0000000707000000, 0x0000000707200000, 0x0000000707200000|100%| O|Cm|TAMS 0x0000000707000000| PB 0x0000000707000000| Complete |  0
|  24|0x0000000707200000, 0x0000000707400000, 0x0000000707400000|100%| O|  |TAMS 0x0000000707200000| PB 0x0000000707200000| Untracked |  0
|  25|0x0000000707400000, 0x0000000707600000, 0x0000000707600000|100%| O|  |TAMS 0x0000000707400000| PB 0x0000000707400000| Untracked |  0
|  26|0x0000000707600000, 0x0000000707800000, 0x0000000707800000|100%| O|  |TAMS 0x0000000707600000| PB 0x0000000707600000| Untracked |  0
|  27|0x0000000707800000, 0x0000000707a00000, 0x0000000707a00000|100%| O|  |TAMS 0x0000000707800000| PB 0x0000000707800000| Untracked |  0
|  28|0x0000000707a00000, 0x0000000707c00000, 0x0000000707c00000|100%| O|  |TAMS 0x0000000707a00000| PB 0x0000000707a00000| Untracked |  0
|  29|0x0000000707c00000, 0x0000000707c00000, 0x0000000707e00000|  0%| F|  |TAMS 0x0000000707c00000| PB 0x0000000707c00000| Untracked |  0
|  30|0x0000000707e00000, 0x0000000707e00000, 0x0000000708000000|  0%| F|  |TAMS 0x0000000707e00000| PB 0x0000000707e00000| Untracked |  0
|  31|0x0000000708000000, 0x0000000708000000, 0x0000000708200000|  0%| F|  |TAMS 0x0000000708000000| PB 0x0000000708000000| Untracked |  0
|  32|0x0000000708200000, 0x0000000708400000, 0x0000000708400000|100%| O|  |TAMS 0x0000000708200000| PB 0x0000000708200000| Untracked |  0
|  33|0x0000000708400000, 0x0000000708400000, 0x0000000708600000|  0%| F|  |TAMS 0x0000000708400000| PB 0x0000000708400000| Untracked |  0
|  34|0x0000000708600000, 0x0000000708600000, 0x0000000708800000|  0%| F|  |TAMS 0x0000000708600000| PB 0x0000000708600000| Untracked |  0
|  35|0x0000000708800000, 0x0000000708800000, 0x0000000708a00000|  0%| F|  |TAMS 0x0000000708800000| PB 0x0000000708800000| Untracked |  0
|  36|0x0000000708a00000, 0x0000000708c00000, 0x0000000708c00000|100%| O|  |TAMS 0x0000000708a00000| PB 0x0000000708a00000| Untracked |  0
|  37|0x0000000708c00000, 0x0000000708e00000, 0x0000000708e00000|100%| O|  |TAMS 0x0000000708c00000| PB 0x0000000708c00000| Untracked |  0
|  38|0x0000000708e00000, 0x0000000709000000, 0x0000000709000000|100%| O|  |TAMS 0x0000000708e00000| PB 0x0000000708e00000| Untracked |  0
|  39|0x0000000709000000, 0x0000000709200000, 0x0000000709200000|100%| O|  |TAMS 0x0000000709000000| PB 0x0000000709000000| Untracked |  0
|  40|0x0000000709200000, 0x0000000709400000, 0x0000000709400000|100%| O|  |TAMS 0x0000000709200000| PB 0x0000000709200000| Untracked |  0
|  41|0x0000000709400000, 0x0000000709600000, 0x0000000709600000|100%| O|  |TAMS 0x0000000709400000| PB 0x0000000709400000| Untracked |  0
|  42|0x0000000709600000, 0x0000000709800000, 0x0000000709800000|100%| O|  |TAMS 0x0000000709600000| PB 0x0000000709600000| Untracked |  0
|  43|0x0000000709800000, 0x0000000709a00000, 0x0000000709a00000|100%| O|  |TAMS 0x0000000709800000| PB 0x0000000709800000| Untracked |  0
|  44|0x0000000709a00000, 0x0000000709c00000, 0x0000000709c00000|100%| O|  |TAMS 0x0000000709a00000| PB 0x0000000709a00000| Untracked |  0
|  45|0x0000000709c00000, 0x0000000709e00000, 0x0000000709e00000|100%| O|  |TAMS 0x0000000709c00000| PB 0x0000000709c00000| Untracked |  0
|  46|0x0000000709e00000, 0x000000070a000000, 0x000000070a000000|100%| O|  |TAMS 0x0000000709e00000| PB 0x0000000709e00000| Untracked |  0
|  47|0x000000070a000000, 0x000000070a200000, 0x000000070a200000|100%| O|  |TAMS 0x000000070a000000| PB 0x000000070a000000| Untracked |  0
|  48|0x000000070a200000, 0x000000070a400000, 0x000000070a400000|100%| O|  |TAMS 0x000000070a200000| PB 0x000000070a200000| Untracked |  0
|  49|0x000000070a400000, 0x000000070a600000, 0x000000070a600000|100%| O|  |TAMS 0x000000070a400000| PB 0x000000070a400000| Untracked |  0
|  50|0x000000070a600000, 0x000000070a600000, 0x000000070a800000|  0%| F|  |TAMS 0x000000070a600000| PB 0x000000070a600000| Untracked |  0
|  51|0x000000070a800000, 0x000000070a800000, 0x000000070aa00000|  0%| F|  |TAMS 0x000000070a800000| PB 0x000000070a800000| Untracked |  0
|  52|0x000000070aa00000, 0x000000070aa00000, 0x000000070ac00000|  0%| F|  |TAMS 0x000000070aa00000| PB 0x000000070aa00000| Untracked |  0
|  53|0x000000070ac00000, 0x000000070ac00000, 0x000000070ae00000|  0%| F|  |TAMS 0x000000070ac00000| PB 0x000000070ac00000| Untracked |  0
|  54|0x000000070ae00000, 0x000000070ae00000, 0x000000070b000000|  0%| F|  |TAMS 0x000000070ae00000| PB 0x000000070ae00000| Untracked |  0
|  55|0x000000070b000000, 0x000000070b200000, 0x000000070b200000|100%| S|CS|TAMS 0x000000070b000000| PB 0x000000070b000000| Complete |  0
|  56|0x000000070b200000, 0x000000070b400000, 0x000000070b400000|100%| S|CS|TAMS 0x000000070b200000| PB 0x000000070b200000| Complete |  0
|  57|0x000000070b400000, 0x000000070b600000, 0x000000070b600000|100%| S|CS|TAMS 0x000000070b400000| PB 0x000000070b400000| Complete |  0
|  58|0x000000070b600000, 0x000000070b800000, 0x000000070b800000|100%| S|CS|TAMS 0x000000070b600000| PB 0x000000070b600000| Complete |  0
|  59|0x000000070b800000, 0x000000070ba00000, 0x000000070ba00000|100%| S|CS|TAMS 0x000000070b800000| PB 0x000000070b800000| Complete |  0
|  60|0x000000070ba00000, 0x000000070bc00000, 0x000000070bc00000|100%| S|CS|TAMS 0x000000070ba00000| PB 0x000000070ba00000| Complete |  0
|  61|0x000000070bc00000, 0x000000070bc00000, 0x000000070be00000|  0%| F|  |TAMS 0x000000070bc00000| PB 0x000000070bc00000| Untracked |  0
|  62|0x000000070be00000, 0x000000070be00000, 0x000000070c000000|  0%| F|  |TAMS 0x000000070be00000| PB 0x000000070be00000| Untracked |  0
|  63|0x000000070c000000, 0x000000070c000000, 0x000000070c200000|  0%| F|  |TAMS 0x000000070c000000| PB 0x000000070c000000| Untracked |  0
|  64|0x000000070c200000, 0x000000070c200000, 0x000000070c400000|  0%| F|  |TAMS 0x000000070c200000| PB 0x000000070c200000| Untracked |  0
|  65|0x000000070c400000, 0x000000070c400000, 0x000000070c600000|  0%| F|  |TAMS 0x000000070c400000| PB 0x000000070c400000| Untracked |  0
|  66|0x000000070c600000, 0x000000070c600000, 0x000000070c800000|  0%| F|  |TAMS 0x000000070c600000| PB 0x000000070c600000| Untracked |  0
|  67|0x000000070c800000, 0x000000070c800000, 0x000000070ca00000|  0%| F|  |TAMS 0x000000070c800000| PB 0x000000070c800000| Untracked |  0
|  68|0x000000070ca00000, 0x000000070ca00000, 0x000000070cc00000|  0%| F|  |TAMS 0x000000070ca00000| PB 0x000000070ca00000| Untracked |  0
|  69|0x000000070cc00000, 0x000000070cc00000, 0x000000070ce00000|  0%| F|  |TAMS 0x000000070cc00000| PB 0x000000070cc00000| Untracked |  0
|  70|0x000000070ce00000, 0x000000070ce00000, 0x000000070d000000|  0%| F|  |TAMS 0x000000070ce00000| PB 0x000000070ce00000| Untracked |  0
|  71|0x000000070d000000, 0x000000070d000000, 0x000000070d200000|  0%| F|  |TAMS 0x000000070d000000| PB 0x000000070d000000| Untracked |  0
|  72|0x000000070d200000, 0x000000070d200000, 0x000000070d400000|  0%| F|  |TAMS 0x000000070d200000| PB 0x000000070d200000| Untracked |  0
|  73|0x000000070d400000, 0x000000070d400000, 0x000000070d600000|  0%| F|  |TAMS 0x000000070d400000| PB 0x000000070d400000| Untracked |  0
|  74|0x000000070d600000, 0x000000070d600000, 0x000000070d800000|  0%| F|  |TAMS 0x000000070d600000| PB 0x000000070d600000| Untracked |  0
|  75|0x000000070d800000, 0x000000070d800000, 0x000000070da00000|  0%| F|  |TAMS 0x000000070d800000| PB 0x000000070d800000| Untracked |  0
|  76|0x000000070da00000, 0x000000070da00000, 0x000000070dc00000|  0%| F|  |TAMS 0x000000070da00000| PB 0x000000070da00000| Untracked |  0
|  77|0x000000070dc00000, 0x000000070dc00000, 0x000000070de00000|  0%| F|  |TAMS 0x000000070dc00000| PB 0x000000070dc00000| Untracked |  0
|  78|0x000000070de00000, 0x000000070de00000, 0x000000070e000000|  0%| F|  |TAMS 0x000000070de00000| PB 0x000000070de00000| Untracked |  0
|  79|0x000000070e000000, 0x000000070e000000, 0x000000070e200000|  0%| F|  |TAMS 0x000000070e000000| PB 0x000000070e000000| Untracked |  0
|  80|0x000000070e200000, 0x000000070e200000, 0x000000070e400000|  0%| F|  |TAMS 0x000000070e200000| PB 0x000000070e200000| Untracked |  0
|  81|0x000000070e400000, 0x000000070e400000, 0x000000070e600000|  0%| F|  |TAMS 0x000000070e400000| PB 0x000000070e400000| Untracked |  0
|  82|0x000000070e600000, 0x000000070e600000, 0x000000070e800000|  0%| F|  |TAMS 0x000000070e600000| PB 0x000000070e600000| Untracked |  0
|  83|0x000000070e800000, 0x000000070e800000, 0x000000070ea00000|  0%| F|  |TAMS 0x000000070e800000| PB 0x000000070e800000| Untracked |  0
|  84|0x000000070ea00000, 0x000000070ea00000, 0x000000070ec00000|  0%| F|  |TAMS 0x000000070ea00000| PB 0x000000070ea00000| Untracked |  0
|  85|0x000000070ec00000, 0x000000070ec00000, 0x000000070ee00000|  0%| F|  |TAMS 0x000000070ec00000| PB 0x000000070ec00000| Untracked |  0
|  86|0x000000070ee00000, 0x000000070ee00000, 0x000000070f000000|  0%| F|  |TAMS 0x000000070ee00000| PB 0x000000070ee00000| Untracked |  0
|  87|0x000000070f000000, 0x000000070f000000, 0x000000070f200000|  0%| F|  |TAMS 0x000000070f000000| PB 0x000000070f000000| Untracked |  0
|  88|0x000000070f200000, 0x000000070f200000, 0x000000070f400000|  0%| F|  |TAMS 0x000000070f200000| PB 0x000000070f200000| Untracked |  0
|  89|0x000000070f400000, 0x000000070f400000, 0x000000070f600000|  0%| F|  |TAMS 0x000000070f400000| PB 0x000000070f400000| Untracked |  0
|  90|0x000000070f600000, 0x000000070f600000, 0x000000070f800000|  0%| F|  |TAMS 0x000000070f600000| PB 0x000000070f600000| Untracked |  0
|  91|0x000000070f800000, 0x000000070f800000, 0x000000070fa00000|  0%| F|  |TAMS 0x000000070f800000| PB 0x000000070f800000| Untracked |  0
|  92|0x000000070fa00000, 0x000000070fa00000, 0x000000070fc00000|  0%| F|  |TAMS 0x000000070fa00000| PB 0x000000070fa00000| Untracked |  0
|  93|0x000000070fc00000, 0x000000070fc00000, 0x000000070fe00000|  0%| F|  |TAMS 0x000000070fc00000| PB 0x000000070fc00000| Untracked |  0
|  94|0x000000070fe00000, 0x000000070fe00000, 0x0000000710000000|  0%| F|  |TAMS 0x000000070fe00000| PB 0x000000070fe00000| Untracked |  0
|  95|0x0000000710000000, 0x0000000710000000, 0x0000000710200000|  0%| F|  |TAMS 0x0000000710000000| PB 0x0000000710000000| Untracked |  0
|  96|0x0000000710200000, 0x0000000710200000, 0x0000000710400000|  0%| F|  |TAMS 0x0000000710200000| PB 0x0000000710200000| Untracked |  0
|  97|0x0000000710400000, 0x0000000710400000, 0x0000000710600000|  0%| F|  |TAMS 0x0000000710400000| PB 0x0000000710400000| Untracked |  0
|  98|0x0000000710600000, 0x0000000710600000, 0x0000000710800000|  0%| F|  |TAMS 0x0000000710600000| PB 0x0000000710600000| Untracked |  0
|  99|0x0000000710800000, 0x0000000710800000, 0x0000000710a00000|  0%| F|  |TAMS 0x0000000710800000| PB 0x0000000710800000| Untracked |  0
| 100|0x0000000710a00000, 0x0000000710a00000, 0x0000000710c00000|  0%| F|  |TAMS 0x0000000710a00000| PB 0x0000000710a00000| Untracked |  0
| 101|0x0000000710c00000, 0x0000000710c00000, 0x0000000710e00000|  0%| F|  |TAMS 0x0000000710c00000| PB 0x0000000710c00000| Untracked |  0
| 125|0x0000000713c00000, 0x0000000713c00000, 0x0000000713e00000|  0%| F|  |TAMS 0x0000000713c00000| PB 0x0000000713c00000| Untracked |  0
|2009|0x00000007ff400000, 0x00000007ff400000, 0x00000007ff600000|  0%| F|  |TAMS 0x00000007ff400000| PB 0x00000007ff400000| Untracked |  0
|2010|0x00000007ff600000, 0x00000007ff600000, 0x00000007ff800000|  0%| F|  |TAMS 0x00000007ff600000| PB 0x00000007ff600000| Untracked |  0
|2011|0x00000007ff800000, 0x00000007ff800000, 0x00000007ffa00000|  0%| F|  |TAMS 0x00000007ff800000| PB 0x00000007ff800000| Untracked |  0
|2012|0x00000007ffa00000, 0x00000007ffa00000, 0x00000007ffc00000|  0%| F|  |TAMS 0x00000007ffa00000| PB 0x00000007ffa00000| Untracked |  0
|2013|0x00000007ffc00000, 0x00000007ffc00000, 0x00000007ffe00000|  0%| F|  |TAMS 0x00000007ffc00000| PB 0x00000007ffc00000| Untracked |  0
|2014|0x00000007ffe00000, 0x00000007ffe00000, 0x0000000800000000|  0%| F|  |TAMS 0x00000007ffe00000| PB 0x00000007ffe00000| Untracked |  0

Card table byte_map: [0x0000018051510000,0x0000018051cf0000] _byte_map_base: 0x000001804dcef000

Marking Bits: (CMBitMap*) 0x0000018042fae4f0
 Bits: [0x0000018051cf0000, 0x0000018055be8000)

Polling page: 0x00000180431d0000

Metaspace:

Usage:
  Non-class:     54.48 MB used.
      Class:      9.74 MB used.
       Both:     64.22 MB used.

Virtual space:
  Non-class space:       64.00 MB reserved,      54.88 MB ( 86%) committed,  1 nodes.
      Class space:        1.00 GB reserved,      10.00 MB ( <1%) committed,  1 nodes.
             Both:        1.06 GB reserved,      64.88 MB (  6%) committed. 

Chunk freelists:
   Non-Class:  9.12 MB
       Class:  6.00 MB
        Both:  15.12 MB

MaxMetaspaceSize: unlimited
CompressedClassSpaceSize: 1.00 GB
Initial GC threshold: 21.00 MB
Current GC threshold: 108.12 MB
CDS: on
 - commit_granule_bytes: 65536.
 - commit_granule_words: 8192.
 - virtual_space_node_default_size: 8388608.
 - enlarge_chunks_in_place: 1.
 - use_allocation_guard: 0.


Internal statistics:

num_allocs_failed_limit: 9.
num_arena_births: 928.
num_arena_deaths: 0.
num_vsnodes_births: 2.
num_vsnodes_deaths: 0.
num_space_committed: 1038.
num_space_uncommitted: 0.
num_chunks_returned_to_freelist: 9.
num_chunks_taken_from_freelist: 3253.
num_chunk_merges: 9.
num_chunk_splits: 2369.
num_chunks_enlarged: 1842.
num_inconsistent_stats: 0.

CodeCache: size=49152Kb used=12465Kb max_used=12465Kb free=36686Kb
 bounds [0x000001804db10000, 0x000001804e740000, 0x0000018050b10000]
 total_blobs=8422, nmethods=7712, adapters=631, full_count=0
Compilation: enabled, stopped_count=0, restarted_count=0

Compilation events (20 events):
Event: 18.378 Thread 0x00000180586f7920 nmethod 7803 0x000001804e5c1d08 code [0x000001804e5c1e40, 0x000001804e5c1fc8]
Event: 18.379 Thread 0x00000180411165a0 nmethod 7794 0x000001804e736408 code [0x000001804e736720, 0x000001804e737658]
Event: 18.380 Thread 0x000001805e630cf0 nmethod 7797 0x000001804e737708 code [0x000001804e737a20, 0x000001804e738988]
Event: 18.382 Thread 0x00000180410ad550 nmethod 7798 0x000001804e738a88 code [0x000001804e738da0, 0x000001804e73a478]
Event: 18.411 Thread 0x000001805e630cf0 7804   !   1       java.rmi.server.UID::<init> (164 bytes)
Event: 18.412 Thread 0x00000180411165a0 7805       1       java.io.ObjectInputStream$BlockDataInputStream::read (9 bytes)
Event: 18.413 Thread 0x00000180411165a0 nmethod 7805 0x000001804e73a508 code [0x000001804e73a620, 0x000001804e73a710]
Event: 18.413 Thread 0x000001805e630cf0 nmethod 7804 0x000001804e73a808 code [0x000001804e73a9c0, 0x000001804e73b048]
Event: 18.413 Thread 0x00000180410ad550 7806       1       java.rmi.server.UID::write (31 bytes)
Event: 18.414 Thread 0x00000180410ad550 nmethod 7806 0x000001804e73b108 code [0x000001804e73b240, 0x000001804e73b3b8]
Event: 18.883 Thread 0x000001805e630cf0 7807       1       java.rmi.server.UID::read (34 bytes)
Event: 18.883 Thread 0x00000180410ad550 7808       1       java.rmi.server.UID::<init> (21 bytes)
Event: 18.883 Thread 0x00000180411165a0 7809   !   1       sun.rmi.transport.ObjectTable::getTarget (26 bytes)
Event: 18.883 Thread 0x00000180410ad550 nmethod 7808 0x000001804e73b408 code [0x000001804e73b520, 0x000001804e73b5f0]
Event: 18.883 Thread 0x000001805e630cf0 nmethod 7807 0x000001804e73b708 code [0x000001804e73b840, 0x000001804e73ba00]
Event: 18.884 Thread 0x00000180411165a0 nmethod 7809 0x000001804e73ba88 code [0x000001804e73bbc0, 0x000001804e73be90]
Event: 18.888 Thread 0x00000180410ad550 7810       1       java.io.ObjectStreamClass::getVariantFor (51 bytes)
Event: 18.888 Thread 0x00000180586f7920 7811       1       java.io.ObjectStreamClass$ClassDataSlot::<init> (15 bytes)
Event: 18.889 Thread 0x00000180586f7920 nmethod 7811 0x000001804e73bf08 code [0x000001804e73c020, 0x000001804e73c140]
Event: 18.889 Thread 0x00000180410ad550 nmethod 7810 0x000001804e73c208 code [0x000001804e73c340, 0x000001804e73c540]

GC Heap History (20 events):
Event: 13.733 GC heap after
{Heap after GC invocations=13 (full 0):
 garbage-first heap   total reserved 4126720K, committed 157696K, used 30354K [0x0000000704200000, 0x0000000800000000)
  region size 2048K, 4 young (8192K), 4 survivors (8192K)
 Metaspace       used 59747K, committed 60416K, reserved 1114112K
  class space    used 8704K, committed 9024K, reserved 1048576K
}
Event: 15.091 GC heap before
{Heap before GC invocations=14 (full 0):
 garbage-first heap   total reserved 4126720K, committed 110592K, used 87698K [0x0000000704200000, 0x0000000800000000)
  region size 2048K, 32 young (65536K), 4 survivors (8192K)
 Metaspace       used 64752K, committed 65472K, reserved 1114112K
  class space    used 9743K, committed 10048K, reserved 1048576K
}
Event: 15.113 GC heap after
{Heap after GC invocations=15 (full 0):
 garbage-first heap   total reserved 4126720K, committed 110592K, used 35175K [0x0000000704200000, 0x0000000800000000)
  region size 2048K, 4 young (8192K), 4 survivors (8192K)
 Metaspace       used 64752K, committed 65472K, reserved 1114112K
  class space    used 9743K, committed 10048K, reserved 1048576K
}
Event: 15.378 GC heap before
{Heap before GC invocations=15 (full 0):
 garbage-first heap   total reserved 4126720K, committed 110592K, used 90471K [0x0000000704200000, 0x0000000800000000)
  region size 2048K, 31 young (63488K), 4 survivors (8192K)
 Metaspace       used 64819K, committed 65536K, reserved 1114112K
  class space    used 9752K, committed 10048K, reserved 1048576K
}
Event: 15.420 GC heap after
{Heap after GC invocations=16 (full 0):
 garbage-first heap   total reserved 4126720K, committed 118784K, used 51230K [0x0000000704200000, 0x0000000800000000)
  region size 2048K, 4 young (8192K), 4 survivors (8192K)
 Metaspace       used 64819K, committed 65536K, reserved 1114112K
  class space    used 9752K, committed 10048K, reserved 1048576K
}
Event: 15.661 GC heap before
{Heap before GC invocations=16 (full 0):
 garbage-first heap   total reserved 4126720K, committed 118784K, used 96286K [0x0000000704200000, 0x0000000800000000)
  region size 2048K, 26 young (53248K), 4 survivors (8192K)
 Metaspace       used 64822K, committed 65536K, reserved 1114112K
  class space    used 9752K, committed 10048K, reserved 1048576K
}
Event: 15.695 GC heap after
{Heap after GC invocations=17 (full 0):
 garbage-first heap   total reserved 4126720K, committed 122880K, used 67943K [0x0000000704200000, 0x0000000800000000)
  region size 2048K, 4 young (8192K), 4 survivors (8192K)
 Metaspace       used 64822K, committed 65536K, reserved 1114112K
  class space    used 9752K, committed 10048K, reserved 1048576K
}
Event: 15.842 GC heap before
{Heap before GC invocations=17 (full 0):
 garbage-first heap   total reserved 4126720K, committed 122880K, used 98663K [0x0000000704200000, 0x0000000800000000)
  region size 2048K, 19 young (38912K), 4 survivors (8192K)
 Metaspace       used 64822K, committed 65536K, reserved 1114112K
  class space    used 9752K, committed 10048K, reserved 1048576K
}
Event: 15.881 GC heap after
{Heap after GC invocations=18 (full 0):
 garbage-first heap   total reserved 4126720K, committed 223232K, used 81463K [0x0000000704200000, 0x0000000800000000)
  region size 2048K, 3 young (6144K), 3 survivors (6144K)
 Metaspace       used 64822K, committed 65536K, reserved 1114112K
  class space    used 9752K, committed 10048K, reserved 1048576K
}
Event: 16.517 GC heap before
{Heap before GC invocations=19 (full 0):
 garbage-first heap   total reserved 4126720K, committed 223232K, used 161335K [0x0000000704200000, 0x0000000800000000)
  region size 2048K, 42 young (86016K), 3 survivors (6144K)
 Metaspace       used 65396K, committed 66176K, reserved 1114112K
  class space    used 9912K, committed 10240K, reserved 1048576K
}
Event: 16.549 GC heap after
{Heap after GC invocations=20 (full 0):
 garbage-first heap   total reserved 4126720K, committed 223232K, used 91847K [0x0000000704200000, 0x0000000800000000)
  region size 2048K, 6 young (12288K), 6 survivors (12288K)
 Metaspace       used 65396K, committed 66176K, reserved 1114112K
  class space    used 9912K, committed 10240K, reserved 1048576K
}
Event: 16.944 GC heap before
{Heap before GC invocations=20 (full 0):
 garbage-first heap   total reserved 4126720K, committed 223232K, used 169671K [0x0000000704200000, 0x0000000800000000)
  region size 2048K, 44 young (90112K), 6 survivors (12288K)
 Metaspace       used 65397K, committed 66176K, reserved 1114112K
  class space    used 9912K, committed 10240K, reserved 1048576K
}
Event: 16.983 GC heap after
{Heap after GC invocations=21 (full 0):
 garbage-first heap   total reserved 4126720K, committed 223232K, used 96174K [0x0000000704200000, 0x0000000800000000)
  region size 2048K, 6 young (12288K), 6 survivors (12288K)
 Metaspace       used 65397K, committed 66176K, reserved 1114112K
  class space    used 9912K, committed 10240K, reserved 1048576K
}
Event: 17.657 GC heap before
{Heap before GC invocations=21 (full 0):
 garbage-first heap   total reserved 4126720K, committed 223232K, used 173998K [0x0000000704200000, 0x0000000800000000)
  region size 2048K, 44 young (90112K), 6 survivors (12288K)
 Metaspace       used 65622K, committed 66368K, reserved 1114112K
  class space    used 9937K, committed 10240K, reserved 1048576K
}
Event: 17.687 GC heap after
{Heap after GC invocations=22 (full 0):
 garbage-first heap   total reserved 4126720K, committed 223232K, used 104125K [0x0000000704200000, 0x0000000800000000)
  region size 2048K, 4 young (8192K), 4 survivors (8192K)
 Metaspace       used 65622K, committed 66368K, reserved 1114112K
  class space    used 9937K, committed 10240K, reserved 1048576K
}
Event: 18.181 GC heap before
{Heap before GC invocations=22 (full 0):
 garbage-first heap   total reserved 4126720K, committed 223232K, used 179901K [0x0000000704200000, 0x0000000800000000)
  region size 2048K, 41 young (83968K), 4 survivors (8192K)
 Metaspace       used 65756K, committed 66432K, reserved 1114112K
  class space    used 9971K, committed 10240K, reserved 1048576K
}
Event: 18.205 GC heap after
{Heap after GC invocations=23 (full 0):
 garbage-first heap   total reserved 4126720K, committed 223232K, used 112310K [0x0000000704200000, 0x0000000800000000)
  region size 2048K, 4 young (8192K), 4 survivors (8192K)
 Metaspace       used 65756K, committed 66432K, reserved 1114112K
  class space    used 9971K, committed 10240K, reserved 1048576K
}
Event: 18.641 GC heap before
{Heap before GC invocations=24 (full 0):
 garbage-first heap   total reserved 4126720K, committed 223232K, used 165558K [0x0000000704200000, 0x0000000800000000)
  region size 2048K, 40 young (81920K), 4 survivors (8192K)
 Metaspace       used 65756K, committed 66432K, reserved 1114112K
  class space    used 9971K, committed 10240K, reserved 1048576K
}
Event: 18.649 GC heap after
{Heap after GC invocations=25 (full 0):
 garbage-first heap   total reserved 4126720K, committed 223232K, used 87390K [0x0000000704200000, 0x0000000800000000)
  region size 2048K, 1 young (2048K), 1 survivors (2048K)
 Metaspace       used 65756K, committed 66432K, reserved 1114112K
  class space    used 9971K, committed 10240K, reserved 1048576K
}
Event: 19.215 GC heap before
{Heap before GC invocations=25 (full 0):
 garbage-first heap   total reserved 4126720K, committed 223232K, used 179550K [0x0000000704200000, 0x0000000800000000)
  region size 2048K, 46 young (94208K), 1 survivors (2048K)
 Metaspace       used 65756K, committed 66432K, reserved 1114112K
  class space    used 9971K, committed 10240K, reserved 1048576K
}

Dll operation events (13 events):
Event: 0.019 Loaded shared library C:\Users\Rebecca Sacarescu\.jdks\openjdk-23.0.1\bin\java.dll
Event: 0.196 Loaded shared library C:\Users\Rebecca Sacarescu\.jdks\openjdk-23.0.1\bin\zip.dll
Event: 0.200 Loaded shared library C:\Users\Rebecca Sacarescu\.jdks\openjdk-23.0.1\bin\instrument.dll
Event: 0.208 Loaded shared library C:\Users\Rebecca Sacarescu\.jdks\openjdk-23.0.1\bin\net.dll
Event: 0.210 Loaded shared library C:\Users\Rebecca Sacarescu\.jdks\openjdk-23.0.1\bin\nio.dll
Event: 0.216 Loaded shared library C:\Users\Rebecca Sacarescu\.jdks\openjdk-23.0.1\bin\zip.dll
Event: 0.294 Loaded shared library C:\Users\Rebecca Sacarescu\.jdks\openjdk-23.0.1\bin\jimage.dll
Event: 0.418 Loaded shared library C:\Users\Rebecca Sacarescu\AppData\Local\JetBrains\IntelliJ IDEA 2024.3\bin\breakgen64.dll
Event: 0.427 Loaded shared library C:\Users\Rebecca Sacarescu\.jdks\openjdk-23.0.1\bin\extnet.dll
Event: 0.429 Loaded shared library C:\Users\Rebecca Sacarescu\.jdks\openjdk-23.0.1\bin\management.dll
Event: 0.441 Loaded shared library C:\Users\Rebecca Sacarescu\.jdks\openjdk-23.0.1\bin\management_ext.dll
Event: 4.427 Loaded shared library C:\Users\Rebecca Sacarescu\.jdks\openjdk-23.0.1\bin\sunmscapi.dll
Event: 9.146 Loaded shared library C:\Users\Rebecca Sacarescu\.jdks\openjdk-23.0.1\bin\verify.dll

Deoptimization events (6 events):
Event: 7.201 Thread 0x000001805d1a45e0 DEOPT PACKING pc=0x000001804e339e94 sp=0x0000002f9b9fba20
Event: 7.201 Thread 0x000001805d1a45e0 DEOPT UNPACKING pc=0x000001804db684c2 sp=0x0000002f9b9fafc8 mode 0
Event: 7.201 Thread 0x000001805d1a45e0 DEOPT PACKING pc=0x000001804e2e41cc sp=0x0000002f9b9fbc20
Event: 7.201 Thread 0x000001805d1a45e0 DEOPT UNPACKING pc=0x000001804db684c2 sp=0x0000002f9b9fb0e0 mode 0
Event: 12.071 Thread 0x000001805d1a45e0 DEOPT PACKING pc=0x000001804e47bd5c sp=0x0000002f9b9fcce0
Event: 12.071 Thread 0x000001805d1a45e0 DEOPT UNPACKING pc=0x000001804db684c2 sp=0x0000002f9b9fc178 mode 0

Classes loaded (20 events):
Event: 13.763 Loading class java/util/regex/Pattern$NotBehind
Event: 13.763 Loading class java/util/regex/Pattern$NotBehind done
Event: 13.763 Loading class java/util/regex/Pattern$Neg
Event: 13.764 Loading class java/util/regex/Pattern$Neg done
Event: 13.764 Loading class java/util/regex/Pattern$Behind
Event: 13.764 Loading class java/util/regex/Pattern$Behind done
Event: 13.898 Loading class java/util/EmptyStackException
Event: 13.899 Loading class java/util/EmptyStackException done
Event: 14.128 Loading class java/io/InvalidClassException
Event: 14.128 Loading class java/io/InvalidClassException done
Event: 16.104 Loading class java/lang/invoke/MethodHandleImpl$CountingWrapper$1
Event: 16.104 Loading class java/lang/invoke/MethodHandleImpl$CountingWrapper$1 done
Event: 16.140 Loading class sun/reflect/ReflectionFactory
Event: 16.140 Loading class sun/reflect/ReflectionFactory done
Event: 16.140 Loading class sun/reflect/ReflectionFactory$1
Event: 16.140 Loading class sun/reflect/ReflectionFactory$1 done
Event: 16.140 Loading class java/io/OptionalDataException
Event: 16.140 Loading class java/io/OptionalDataException done
Event: 16.344 Loading class sun/reflect/generics/tree/IntSignature
Event: 16.344 Loading class sun/reflect/generics/tree/IntSignature done

Classes unloaded (0 events):
No events

Classes redefined (0 events):
No events

Internal exceptions (20 events):
Event: 12.663 Thread 0x000001805d1a45e0 Exception <a 'java/lang/NoSuchMethodError'{0x000000070b1d5560}: 'java.lang.Object java.lang.invoke.Invokers$Holder.linkToTargetMethod(java.lang.Object, int, java.lang.Object, java.lang.Object)'> (0x000000070b1d5560) 
thrown [s\open\src\hotspot\share\interpreter\linkResolver.cpp, line 796]
Event: 12.693 Thread 0x000001805d1a45e0 Exception <a 'java/lang/NoSuchMethodError'{0x000000070aea8770}: 'void java.lang.invoke.DirectMethodHandle$Holder.invokeSpecial(java.lang.Object, java.lang.Object, java.lang.Object, java.lang.Object, java.lang.Object, java.lang.Object, java.lang.Object, java.lang.Object)'> (0x000000070aea8770) 
thrown [s\open\src\hotspot\share\interpreter\linkResolver.cpp, line 796]
Event: 12.702 Thread 0x000001805d1a45e0 Exception <a 'java/lang/NoSuchMethodError'{0x000000070aee42e0}: 'void java.lang.invoke.DirectMethodHandle$Holder.invokeSpecial(java.lang.Object, java.lang.Object, int, java.lang.Object)'> (0x000000070aee42e0) 
thrown [s\open\src\hotspot\share\interpreter\linkResolver.cpp, line 796]
Event: 12.702 Thread 0x000001805d1a45e0 Exception <a 'java/lang/NoSuchMethodError'{0x000000070aeea718}: 'java.lang.Object java.lang.invoke.DirectMethodHandle$Holder.newInvokeSpecial(java.lang.Object, java.lang.Object, int)'> (0x000000070aeea718) 
thrown [s\open\src\hotspot\share\interpreter\linkResolver.cpp, line 796]
Event: 12.753 Thread 0x000001805d1a45e0 Exception <a 'java/lang/NoSuchMethodError'{0x000000070ac52938}: 'int java.lang.invoke.DirectMethodHandle$Holder.invokeSpecial(java.lang.Object, java.lang.Object, int, java.lang.Object)'> (0x000000070ac52938) 
thrown [s\open\src\hotspot\share\interpreter\linkResolver.cpp, line 796]
Event: 12.754 Thread 0x000001805d1a45e0 Exception <a 'java/lang/NoSuchMethodError'{0x000000070ac5b428}: 'int java.lang.invoke.DirectMethodHandle$Holder.invokeStatic(java.lang.Object, int, java.lang.Object)'> (0x000000070ac5b428) 
thrown [s\open\src\hotspot\share\interpreter\linkResolver.cpp, line 796]
Event: 12.758 Thread 0x000001805d1a45e0 Exception <a 'java/lang/NoSuchMethodError'{0x000000070ac81130}: 'java.lang.Object java.lang.invoke.DirectMethodHandle$Holder.newInvokeSpecial(java.lang.Object, java.lang.Object, java.lang.Object, java.lang.Object, java.lang.Object, int, java.lang.Object)'> (0x000000070ac81130) 
thrown [s\open\src\hotspot\share\interpreter\linkResolver.cpp, line 796]
Event: 12.764 Thread 0x000001805d1a45e0 Exception <a 'java/lang/NoSuchMethodError'{0x000000070acb4880}: 'java.lang.Object java.lang.invoke.Invokers$Holder.linkToTargetMethod(java.lang.Object, java.lang.Object, java.lang.Object, java.lang.Object, java.lang.Object, java.lang.Object, java.lang.Object, java.lang.Object, java.lang.Object, java.lang.Object, java.lang.Object, java.lang.Object)'> (0x000000070acb4880) 
thrown [s\open\src\hotspot\share\interpreter\linkResolver.cpp, line 796]
Event: 12.838 Thread 0x000001805d1a45e0 Exception <a 'java/lang/IncompatibleClassChangeError'{0x000000070aa69f68}: Found class java.lang.Object, but interface was expected> (0x000000070aa69f68) 
thrown [s\open\src\hotspot\share\interpreter\linkResolver.cpp, line 863]
Event: 12.859 Thread 0x000001805d1a45e0 Exception <a 'java/lang/NoSuchMethodError'{0x000000070aae7ab0}: 'java.lang.Object java.lang.invoke.DirectMethodHandle$Holder.newInvokeSpecial(java.lang.Object, java.lang.Object, int, java.lang.Object, int, java.lang.Object, java.lang.Object)'> (0x000000070aae7ab0) 
thrown [s\open\src\hotspot\share\interpreter\linkResolver.cpp, line 796]
Event: 12.868 Thread 0x000001805d1a45e0 Exception <a 'java/lang/NoSuchMethodError'{0x000000070ab33600}: 'java.lang.Object java.lang.invoke.DirectMethodHandle$Holder.newInvokeSpecial(java.lang.Object, java.lang.Object, java.lang.Object, java.lang.Object, java.lang.Object, java.lang.Object, java.lang.Object, int)'> (0x000000070ab33600) 
thrown [s\open\src\hotspot\share\interpreter\linkResolver.cpp, line 796]
Event: 12.868 Thread 0x000001805d1a45e0 Exception <a 'java/lang/NoSuchMethodError'{0x000000070ab37c58}: 'java.lang.Object java.lang.invoke.DirectMethodHandle$Holder.invokeSpecial(java.lang.Object, java.lang.Object, java.lang.Object, java.lang.Object, java.lang.Object, java.lang.Object, java.lang.Object, java.lang.Object, int)'> (0x000000070ab37c58) 
thrown [s\open\src\hotspot\share\interpreter\linkResolver.cpp, line 796]
Event: 12.868 Thread 0x000001805d1a45e0 Exception <a 'java/lang/NoSuchMethodError'{0x000000070ab3bc98}: 'java.lang.Object java.lang.invoke.Invokers$Holder.linkToTargetMethod(java.lang.Object, java.lang.Object, java.lang.Object, java.lang.Object, java.lang.Object, java.lang.Object, int, java.lang.Object)'> (0x000000070ab3bc98) 
thrown [s\open\src\hotspot\share\interpreter\linkResolver.cpp, line 796]
Event: 13.031 Thread 0x000001805d1a45e0 Exception <a 'java/lang/NoSuchMethodError'{0x000000070a76c030}: 'void java.lang.invoke.Invokers$Holder.invokeExact_MT(java.lang.Object, java.lang.Object, java.lang.Object, java.lang.Object)'> (0x000000070a76c030) 
thrown [s\open\src\hotspot\share\interpreter\linkResolver.cpp, line 796]
Event: 13.167 Thread 0x000001805d1a45e0 Exception <a 'java/lang/IncompatibleClassChangeError'{0x000000070a0a60b0}: Found class java.lang.Object, but interface was expected> (0x000000070a0a60b0) 
thrown [s\open\src\hotspot\share\interpreter\linkResolver.cpp, line 863]
Event: 13.238 Thread 0x000001805d1a45e0 Exception <a 'java/lang/IncompatibleClassChangeError'{0x0000000709e45a58}: Found class java.lang.Object, but interface was expected> (0x0000000709e45a58) 
thrown [s\open\src\hotspot\share\interpreter\linkResolver.cpp, line 863]
Event: 13.546 Thread 0x000001805d1a45e0 Exception <a 'java/lang/IncompatibleClassChangeError'{0x000000070944db08}: Found class java.lang.Object, but interface was expected> (0x000000070944db08) 
thrown [s\open\src\hotspot\share\interpreter\linkResolver.cpp, line 863]
Event: 13.674 Thread 0x000001805d1a45e0 Exception <a 'java/lang/IncompatibleClassChangeError'{0x000000070936fac0}: Found class java.lang.Object, but interface was expected> (0x000000070936fac0) 
thrown [s\open\src\hotspot\share\interpreter\linkResolver.cpp, line 863]
Event: 13.675 Thread 0x000001805d1a45e0 Exception <a 'java/lang/IncompatibleClassChangeError'{0x00000007093754b0}: Found class java.lang.Object, but interface was expected> (0x00000007093754b0) 
thrown [s\open\src\hotspot\share\interpreter\linkResolver.cpp, line 863]
Event: 16.094 Thread 0x000001805d1a45e0 Exception <a 'java/lang/NoSuchMethodError'{0x000000070f9daea8}: 'int java.lang.invoke.DirectMethodHandle$Holder.invokeStaticInit(java.lang.Object, int, java.lang.Object, java.lang.Object, java.lang.Object, java.lang.Object)'> (0x000000070f9daea8) 
thrown [s\open\src\hotspot\share\interpreter\linkResolver.cpp, line 796]

VM Operations (20 events):
Event: 15.881 Executing VM operation: G1CollectForAllocation (G1 Evacuation Pause) done
Event: 15.990 Executing VM operation: G1PauseRemark
Event: 15.996 Executing VM operation: G1PauseRemark done
Event: 16.045 Executing VM operation: G1PauseCleanup
Event: 16.050 Executing VM operation: G1PauseCleanup done
Event: 16.517 Executing VM operation: G1CollectForAllocation (G1 Evacuation Pause)
Event: 16.549 Executing VM operation: G1CollectForAllocation (G1 Evacuation Pause) done
Event: 16.944 Executing VM operation: G1CollectForAllocation (G1 Evacuation Pause)
Event: 16.983 Executing VM operation: G1CollectForAllocation (G1 Evacuation Pause) done
Event: 17.657 Executing VM operation: G1CollectForAllocation (G1 Evacuation Pause)
Event: 17.687 Executing VM operation: G1CollectForAllocation (G1 Evacuation Pause) done
Event: 18.181 Executing VM operation: G1CollectForAllocation (G1 Evacuation Pause)
Event: 18.205 Executing VM operation: G1CollectForAllocation (G1 Evacuation Pause) done
Event: 18.307 Executing VM operation: G1PauseRemark
Event: 18.313 Executing VM operation: G1PauseRemark done
Event: 18.356 Executing VM operation: G1PauseCleanup
Event: 18.356 Executing VM operation: G1PauseCleanup done
Event: 18.641 Executing VM operation: G1CollectForAllocation (G1 Evacuation Pause)
Event: 18.649 Executing VM operation: G1CollectForAllocation (G1 Evacuation Pause) done
Event: 19.214 Executing VM operation: G1CollectForAllocation (G1 Evacuation Pause)

Memory protections (0 events):
No events

Nmethod flushes (20 events):
Event: 13.791 Thread 0x00000180586c32d0 flushing  nmethod 0x000001804e315288
Event: 13.791 Thread 0x00000180586c32d0 flushing  nmethod 0x000001804e339308
Event: 15.995 Thread 0x00000180586c32d0 flushing  nmethod 0x000001804e125c88
Event: 15.995 Thread 0x00000180586c32d0 flushing  nmethod 0x000001804e462908
Event: 15.995 Thread 0x00000180586c32d0 flushing  nmethod 0x000001804de44688
Event: 15.995 Thread 0x00000180586c32d0 flushing  nmethod 0x000001804deb3688
Event: 15.995 Thread 0x00000180586c32d0 flushing  nmethod 0x000001804e3e4408
Event: 15.995 Thread 0x00000180586c32d0 flushing  nmethod 0x000001804e123008
Event: 15.995 Thread 0x00000180586c32d0 flushing  nmethod 0x000001804e47ba08
Event: 15.995 Thread 0x00000180586c32d0 flushing  nmethod 0x000001804de78d88
Event: 15.995 Thread 0x00000180586c32d0 flushing  nmethod 0x000001804de79408
Event: 15.995 Thread 0x00000180586c32d0 flushing  nmethod 0x000001804dfb9688
Event: 15.995 Thread 0x00000180586c32d0 flushing  nmethod 0x000001804e19d208
Event: 15.995 Thread 0x00000180586c32d0 flushing  nmethod 0x000001804e1b4508
Event: 18.311 Thread 0x00000180586c32d0 flushing  nmethod 0x000001804e09eb88
Event: 18.311 Thread 0x00000180586c32d0 flushing  nmethod 0x000001804e5bf788
Event: 18.311 Thread 0x00000180586c32d0 flushing  nmethod 0x000001804e342308
Event: 18.311 Thread 0x00000180586c32d0 flushing  nmethod 0x000001804e5c1d08
Event: 18.311 Thread 0x00000180586c32d0 flushing  nmethod 0x000001804e5c2108
Event: 18.311 Thread 0x00000180586c32d0 flushing  nmethod 0x000001804e5c5008

Events (20 events):
Event: 14.790 Thread 0x00000180586f1a40 Thread added: 0x000001805d1a94a0
Event: 14.799 Thread 0x000001805d1a94a0 Thread exited: 0x000001805d1a94a0
Event: 15.305 Thread 0x00000180586f1a40 Thread added: 0x000001805d1aa1c0
Event: 15.312 Thread 0x000001805d1aa1c0 Thread exited: 0x000001805d1aa1c0
Event: 15.816 Thread 0x00000180586f1a40 Thread added: 0x000001805d1a94a0
Event: 15.821 Thread 0x000001805d1a94a0 Thread exited: 0x000001805d1a94a0
Event: 15.986 Thread 0x000001805d1a38c0 Thread exited: 0x000001805d1a38c0
Event: 16.324 Thread 0x00000180586f1a40 Thread added: 0x000001805d1a73d0
Event: 16.332 Thread 0x000001805d1a73d0 Thread exited: 0x000001805d1a73d0
Event: 16.836 Thread 0x00000180586f1a40 Thread added: 0x000001805d1a73d0
Event: 16.846 Thread 0x000001805d1a73d0 Thread exited: 0x000001805d1a73d0
Event: 17.349 Thread 0x00000180586f2df0 Thread added: 0x000001805d1a8780
Event: 17.359 Thread 0x000001805d1a8780 Thread exited: 0x000001805d1a8780
Event: 17.844 Thread 0x00000180411165a0 Thread added: 0x000001805e630cf0
Event: 17.863 Thread 0x00000180586f1a40 Thread added: 0x000001805d1a73d0
Event: 17.868 Thread 0x000001805d1a73d0 Thread exited: 0x000001805d1a73d0
Event: 18.372 Thread 0x00000180586f2df0 Thread added: 0x000001805d1aa1c0
Event: 18.379 Thread 0x000001805d1aa1c0 Thread exited: 0x000001805d1aa1c0
Event: 18.884 Thread 0x00000180586f1a40 Thread added: 0x000001805d1aa1c0
Event: 18.890 Thread 0x000001805d1aa1c0 Thread exited: 0x000001805d1aa1c0


Dynamic libraries:
0x00007ff7128a0000 - 0x00007ff7128ae000 	C:\Users\Rebecca Sacarescu\.jdks\openjdk-23.0.1\bin\java.exe
0x00007ffcb99a0000 - 0x00007ffcb9c06000 	C:\WINDOWS\SYSTEM32\ntdll.dll
0x00007ffcb86d0000 - 0x00007ffcb8799000 	C:\WINDOWS\System32\KERNEL32.DLL
0x00007ffcb6b30000 - 0x00007ffcb6efc000 	C:\WINDOWS\System32\KERNELBASE.dll
0x00007ffcb7250000 - 0x00007ffcb739b000 	C:\WINDOWS\System32\ucrtbase.dll
0x00007ffca68c0000 - 0x00007ffca68d7000 	C:\Users\Rebecca Sacarescu\.jdks\openjdk-23.0.1\bin\jli.dll
0x00007ffcb83b0000 - 0x00007ffcb857a000 	C:\WINDOWS\System32\USER32.dll
0x00007ffca92b0000 - 0x00007ffca92cb000 	C:\Users\Rebecca Sacarescu\.jdks\openjdk-23.0.1\bin\VCRUNTIME140.dll
0x00007ffca0130000 - 0x00007ffca03ca000 	C:\WINDOWS\WinSxS\amd64_microsoft.windows.common-controls_6595b64144ccf1df_6.0.26100.3912_none_3e07963ce335137e\COMCTL32.dll
0x00007ffcb7460000 - 0x00007ffcb7487000 	C:\WINDOWS\System32\win32u.dll
0x00007ffcb89b0000 - 0x00007ffcb8a59000 	C:\WINDOWS\System32\msvcrt.dll
0x00007ffcb8a60000 - 0x00007ffcb8a8b000 	C:\WINDOWS\System32\GDI32.dll
0x00007ffcb7080000 - 0x00007ffcb71b2000 	C:\WINDOWS\System32\gdi32full.dll
0x00007ffcb7490000 - 0x00007ffcb7533000 	C:\WINDOWS\System32\msvcp_win.dll
0x00007ffcb85f0000 - 0x00007ffcb8620000 	C:\WINDOWS\System32\IMM32.DLL
0x00007ffca9110000 - 0x00007ffca911c000 	C:\Users\Rebecca Sacarescu\.jdks\openjdk-23.0.1\bin\vcruntime140_1.dll
0x00007ffc87470000 - 0x00007ffc874fe000 	C:\Users\Rebecca Sacarescu\.jdks\openjdk-23.0.1\bin\msvcp140.dll
0x00007ffc376a0000 - 0x00007ffc383ef000 	C:\Users\Rebecca Sacarescu\.jdks\openjdk-23.0.1\bin\server\jvm.dll
0x00007ffcb87a0000 - 0x00007ffcb8852000 	C:\WINDOWS\System32\ADVAPI32.dll
0x00007ffcb9260000 - 0x00007ffcb9306000 	C:\WINDOWS\System32\sechost.dll
0x00007ffcb8890000 - 0x00007ffcb89a6000 	C:\WINDOWS\System32\RPCRT4.dll
0x00007ffcb8120000 - 0x00007ffcb8194000 	C:\WINDOWS\System32\WS2_32.dll
0x00007ffcb69a0000 - 0x00007ffcb69fe000 	C:\WINDOWS\SYSTEM32\POWRPROF.dll
0x00007ffcaeca0000 - 0x00007ffcaecd6000 	C:\WINDOWS\SYSTEM32\WINMM.dll
0x00007ffca6de0000 - 0x00007ffca6deb000 	C:\WINDOWS\SYSTEM32\VERSION.dll
0x00007ffcb6960000 - 0x00007ffcb6974000 	C:\WINDOWS\SYSTEM32\UMPDC.dll
0x00007ffcb58b0000 - 0x00007ffcb58ca000 	C:\WINDOWS\SYSTEM32\kernel.appcore.dll
0x00007ffca8b80000 - 0x00007ffca8b8a000 	C:\Users\Rebecca Sacarescu\.jdks\openjdk-23.0.1\bin\jimage.dll
0x00007ffcb41d0000 - 0x00007ffcb4411000 	C:\WINDOWS\SYSTEM32\DBGHELP.DLL
0x00007ffcb94e0000 - 0x00007ffcb9864000 	C:\WINDOWS\System32\combase.dll
0x00007ffcb9870000 - 0x00007ffcb9950000 	C:\WINDOWS\System32\OLEAUT32.dll
0x00007ffc9d880000 - 0x00007ffc9d8b9000 	C:\WINDOWS\SYSTEM32\dbgcore.DLL
0x00007ffcb76c0000 - 0x00007ffcb7759000 	C:\WINDOWS\System32\bcryptPrimitives.dll
0x00007ffca9f80000 - 0x00007ffca9f8f000 	C:\Users\Rebecca Sacarescu\.jdks\openjdk-23.0.1\bin\instrument.dll
0x00007ffca4b70000 - 0x00007ffca4b8e000 	C:\Users\Rebecca Sacarescu\.jdks\openjdk-23.0.1\bin\java.dll
0x00007ffcb7760000 - 0x00007ffcb78ff000 	C:\WINDOWS\System32\ole32.dll
0x00007ffcb7910000 - 0x00007ffcb803d000 	C:\WINDOWS\System32\SHELL32.dll
0x00007ffcb7540000 - 0x00007ffcb76b4000 	C:\WINDOWS\System32\wintypes.dll
0x00007ffcb4760000 - 0x00007ffcb4fb6000 	C:\WINDOWS\SYSTEM32\windows.storage.dll
0x00007ffcb9310000 - 0x00007ffcb93ff000 	C:\WINDOWS\System32\SHCORE.dll
0x00007ffcb8580000 - 0x00007ffcb85e9000 	C:\WINDOWS\System32\shlwapi.dll
0x00007ffcb6a40000 - 0x00007ffcb6a6f000 	C:\WINDOWS\SYSTEM32\profapi.dll
0x00007ffc9d280000 - 0x00007ffc9d297000 	C:\Users\Rebecca Sacarescu\.jdks\openjdk-23.0.1\bin\zip.dll
0x00007ffca68b0000 - 0x00007ffca68c0000 	C:\Users\Rebecca Sacarescu\.jdks\openjdk-23.0.1\bin\net.dll
0x00007ffcb5e00000 - 0x00007ffcb5e6a000 	C:\WINDOWS\system32\mswsock.dll
0x00007ffca4120000 - 0x00007ffca4136000 	C:\Users\Rebecca Sacarescu\.jdks\openjdk-23.0.1\bin\nio.dll
0x00007ffcb53c0000 - 0x00007ffcb54e7000 	C:\WINDOWS\SYSTEM32\DNSAPI.dll
0x00007ffcb52d0000 - 0x00007ffcb5303000 	C:\WINDOWS\SYSTEM32\IPHLPAPI.DLL
0x00007ffcb8310000 - 0x00007ffcb831a000 	C:\WINDOWS\System32\NSI.dll
0x00007ffca9500000 - 0x00007ffca951a000 	C:\Users\Rebecca Sacarescu\AppData\Local\JetBrains\IntelliJ IDEA 2024.3\bin\breakgen64.dll
0x00007ffca91d0000 - 0x00007ffca91db000 	C:\Windows\System32\rasadhlp.dll
0x00007ffcb0c00000 - 0x00007ffcb0c86000 	C:\WINDOWS\System32\fwpuclnt.dll
0x00007ffca59a0000 - 0x00007ffca59a9000 	C:\Users\Rebecca Sacarescu\.jdks\openjdk-23.0.1\bin\extnet.dll
0x00007ffca94d0000 - 0x00007ffca94da000 	C:\Users\Rebecca Sacarescu\.jdks\openjdk-23.0.1\bin\management.dll
0x00007ffca94c0000 - 0x00007ffca94cb000 	C:\Users\Rebecca Sacarescu\.jdks\openjdk-23.0.1\bin\management_ext.dll
0x00007ffcb8100000 - 0x00007ffcb8108000 	C:\WINDOWS\System32\PSAPI.DLL
0x00007ffcb61c0000 - 0x00007ffcb61dc000 	C:\WINDOWS\SYSTEM32\CRYPTSP.dll
0x00007ffcb5810000 - 0x00007ffcb584a000 	C:\WINDOWS\system32\rsaenh.dll
0x00007ffcb5ea0000 - 0x00007ffcb5ecb000 	C:\WINDOWS\SYSTEM32\USERENV.dll
0x00007ffcb6a10000 - 0x00007ffcb6a36000 	C:\WINDOWS\SYSTEM32\bcrypt.dll
0x00007ffcb6030000 - 0x00007ffcb603c000 	C:\WINDOWS\SYSTEM32\CRYPTBASE.dll
0x00007ffc994c0000 - 0x00007ffc994d8000 	C:\WINDOWS\system32\napinsp.dll
0x00007ffc99410000 - 0x00007ffc99422000 	C:\WINDOWS\System32\winrnr.dll
0x00007ffc993d0000 - 0x00007ffc99400000 	C:\WINDOWS\system32\nlansp_c.dll
0x00007ffc99260000 - 0x00007ffc99280000 	C:\WINDOWS\system32\wshbth.dll
0x00007ffc96920000 - 0x00007ffc9696e000 	C:\WINDOWS\SYSTEM32\pdh.dll
0x00007ffca92d0000 - 0x00007ffca92e2000 	C:\WINDOWS\System32\perfproc.dll
0x00007ffc8fa40000 - 0x00007ffc8fa51000 	C:\WINDOWS\System32\perfos.dll
0x00007ffcb4fe0000 - 0x00007ffcb4ff2000 	C:\WINDOWS\SYSTEM32\pfclient.dll
0x00007ffc94ad0000 - 0x00007ffc94ade000 	C:\Users\Rebecca Sacarescu\.jdks\openjdk-23.0.1\bin\sunmscapi.dll
0x00007ffcb6f00000 - 0x00007ffcb7077000 	C:\WINDOWS\System32\CRYPT32.dll
0x00007ffcb6310000 - 0x00007ffcb6340000 	C:\WINDOWS\SYSTEM32\ncrypt.dll
0x00007ffcb62c0000 - 0x00007ffcb62ff000 	C:\WINDOWS\SYSTEM32\NTASN1.dll
0x00007ffca6680000 - 0x00007ffca6690000 	C:\Users\Rebecca Sacarescu\.jdks\openjdk-23.0.1\bin\verify.dll

dbghelp: loaded successfully - version: 4.0.5 - missing functions: none
symbol engine: initialized successfully - sym options: 0x614 - pdb path: .;C:\Users\Rebecca Sacarescu\.jdks\openjdk-23.0.1\bin;C:\WINDOWS\SYSTEM32;C:\WINDOWS\WinSxS\amd64_microsoft.windows.common-controls_6595b64144ccf1df_6.0.26100.3912_none_3e07963ce335137e;C:\Users\Rebecca Sacarescu\.jdks\openjdk-23.0.1\bin\server;C:\Users\Rebecca Sacarescu\AppData\Local\JetBrains\IntelliJ IDEA 2024.3\bin

VM Arguments:
jvm_args: -XX:TieredStopAtLevel=1 -Dspring.output.ansi.enabled=always -Dcom.sun.management.jmxremote -Dspring.jmx.enabled=true -Dspring.liveBeansView.mbeanDomain -Dspring.application.admin.enabled=true -Dmanagement.endpoints.jmx.exposure.include=* -javaagent:C:\Users\Rebecca Sacarescu\AppData\Local\JetBrains\IntelliJ IDEA 2024.3\lib\idea_rt.jar=49390:C:\Users\Rebecca Sacarescu\AppData\Local\JetBrains\IntelliJ IDEA 2024.3\bin -Dfile.encoding=UTF-8 -Dsun.stdout.encoding=UTF-8 -Dsun.stderr.encoding=UTF-8 
java_command: com.marecca.workoutTracker.WorkoutTrackerApplication
java_class_path (initial): C:\Users\Rebecca Sacarescu\Desktop\Workout-Tracker\workoutTracker\target\classes;C:\Users\Rebecca Sacarescu\.m2\repository\org\springframework\boot\spring-boot-starter-data-jpa\3.5.0\spring-boot-starter-data-jpa-3.5.0.jar;C:\Users\Rebecca Sacarescu\.m2\repository\org\springframework\boot\spring-boot-starter\3.5.0\spring-boot-starter-3.5.0.jar;C:\Users\Rebecca Sacarescu\.m2\repository\org\springframework\boot\spring-boot-starter-logging\3.5.0\spring-boot-starter-logging-3.5.0.jar;C:\Users\Rebecca Sacarescu\.m2\repository\ch\qos\logback\logback-classic\1.5.18\logback-classic-1.5.18.jar;C:\Users\Rebecca Sacarescu\.m2\repository\ch\qos\logback\logback-core\1.5.18\logback-core-1.5.18.jar;C:\Users\Rebecca Sacarescu\.m2\repository\org\apache\logging\log4j\log4j-to-slf4j\2.24.3\log4j-to-slf4j-2.24.3.jar;C:\Users\Rebecca Sacarescu\.m2\repository\org\apache\logging\log4j\log4j-api\2.24.3\log4j-api-2.24.3.jar;C:\Users\Rebecca Sacarescu\.m2\repository\org\slf4j\jul-to-slf4j\2.0.17\jul-to-slf4j-2.0.17.jar;C:\Users\Rebecca Sacarescu\.m2\repository\jakarta\annotation\jakarta.annotation-api\2.1.1\jakarta.annotation-api-2.1.1.jar;C:\Users\Rebecca Sacarescu\.m2\repository\org\yaml\snakeyaml\2.4\snakeyaml-2.4.jar;C:\Users\Rebecca Sacarescu\.m2\repository\org\springframework\boot\spring-boot-starter-jdbc\3.5.0\spring-boot-starter-jdbc-3.5.0.jar;C:\Users\Rebecca Sacarescu\.m2\repository\com\zaxxer\HikariCP\6.3.0\HikariCP-6.3.0.jar;C:\Users\Rebecca Sacarescu\.m2\repository\org\springframework\spring-jdbc\6.2.7\spring-jdbc-6.2.7.jar;C:\Users\Rebecca Sacarescu\.m2\repository\org\hibernate\orm\hibernate-core\6.6.15.Final\hibernate-core-6.6.15.Final.jar;C:\Users\Rebecca Sacarescu\.m2\repository\jakarta\persistence\jakarta.persistence-api\3.1.0\jakarta.persistence-api-3.1.0.jar;C:\Users\Rebecca Sacarescu\.m2\repository\jakarta\transaction\jakarta.transaction-api\2.0.1\jakarta.transaction-api-2.0.1.jar;C:\Users\Rebecca Sacarescu\.m2\repository\org\jboss\logging\jboss-logging\3.6.1.Final\jboss-logging-3.6.1.Final.jar;C:\Users\Rebecca Sacarescu\.m2\repository\org\hibernate\common\hibernate-commons-annotations\7.0.3.Final\hibernate-commons-annotations-7.0.3.Final.jar;C:\Users\Rebecca Sacarescu\.m2\repository\io\smallrye\jandex\3.2.0\jandex-3.2.0.jar;C:\Users\Rebecca Sacarescu\.m2\repository\com\fasterxml\classmate\1.7.0\classmate-1.7.0.jar;C:\Users\Rebecca Sacarescu\.m2\repository\net\bytebuddy\byte-buddy\1.17.5\byte-buddy-1.17.5.jar;C:\Users\Rebecca Sacarescu\.m2\repository\org\glassfish\jaxb\jaxb-runtime\4.0.5\jaxb-runtime-4.0.5.jar;C:\Users\Rebecca Sacarescu\.m2\repository\org\glassfish\jaxb\jaxb-core\4.0.5\jaxb-core-4.0.5.jar;C:\Users\Rebecca Sacarescu\.m2\repository\org\eclipse\angus\angus-activation\2.0.2\angus-activation-2.0.2.jar;C:\Users\Rebecca Sacarescu\.m2\repository\org\glassfish\jaxb\txw2\4.0.5\txw2-4.0.5.jar;C:\Users\Rebecca Sacarescu\.m2\repository\com\sun\istack\istack-commons-runtime\4.1.2\istack-commons-runtime-4.1.2.jar;C:\Users\Rebecca Sacarescu\.m2\repository\jakarta\inject\jakarta.inject-api\2.0.1\jakarta.inject-api-2.0.1.jar;C:\Users\Rebecca Sacarescu\.m2\repository\org\antlr\antlr4-runtime\4.13.0\antlr4-runtime-4.13.0.jar;C:\Users\Rebecca Sacarescu\.m2\repository\org\springframework\data\spring-data-jpa\3.5.0\spring-data-jpa-3.5.0.jar;C:\Users\Rebecca Sacarescu\.m2\repository\org\springframework\data\spring-data-commons\3.5.0\spring-data-commons-3.5.0.jar;C:\Users\Rebecca Sacarescu\.m2\repository\org\springframework\spring-orm\6.2.7\spring-orm-6.2.7.jar;C:\Users\Rebecca Sacarescu\.m2\repository\org\springframework\spring-context\6.2.7\spring-context-6.2.7.jar;C:\Users\Rebecca Sacarescu\.m2\repository\org\springframework\spring-tx\6.2.7\spring-tx-6.2.7.jar;C:\Users\Rebecca Sacarescu\.m2\repository\org\springframework\spring-beans\6.2.7\spring-beans-6.2.7.jar;C:\Users\Rebecca Sacarescu\.m2\repository\org\slf4j\slf4j-api\2.0.17\slf4j-api-2.0.17.jar;C:\Users\Rebecca Sacarescu\.m2\repository\org\springframework\spring-aspects\6.2.7\spring-aspects-6.2.7.jar;C:\Users\Rebecca Sacarescu\.m2\repository\org\aspectj\aspectjweaver\1.9.24\aspectjweaver-1.9.24.jar;C:\Users\Rebecca Sacarescu\.m2\repository\jakarta\validation\jakarta.validation-api\3.0.2\jakarta.validation-api-3.0.2.jar;C:\Users\Rebecca Sacarescu\.m2\repository\org\springframework\boot\spring-boot-starter-web\3.5.0\spring-boot-starter-web-3.5.0.jar;C:\Users\Rebecca Sacarescu\.m2\repository\org\springframework\boot\spring-boot-starter-json\3.5.0\spring-boot-starter-json-3.5.0.jar;C:\Users\Rebecca Sacarescu\.m2\repository\com\fasterxml\jackson\core\jackson-databind\2.19.0\jackson-databind-2.19.0.jar;C:\Users\Rebecca Sacarescu\.m2\repository\com\fasterxml\jackson\core\jackson-annotations\2.19.0\jackson-annotations-2.19.0.jar;C:\Users\Rebecca Sacarescu\.m2\repository\com\fasterxml\jackson\core\jackson-core\2.19.0\jackson-core-2.19.0.jar;C:\Users\Rebecca Sacarescu\.m2\repository\com\fasterxml\jackson\datatype\jackson-datatype-jdk8\2.19.0\jackson-datatype-jdk8-2.19.0.jar;C:\Users\Rebecca Sacarescu\.m2\repository\com\fasterxml\jackson\datatype\jackson-datatype-jsr310\2.19.0\jackson-datatype-jsr310-2.19.0.jar;C:\Users\Rebecca Sacarescu\.m2\repository\com\fasterxml\jackson\module\jackson-module-parameter-names\2.19.0\jackson-module-parameter-names-2.19.0.jar;C:\Users\Rebecca Sacarescu\.m2\repository\org\springframework\boot\spring-boot-starter-tomcat\3.5.0\spring-boot-starter-tomcat-3.5.0.jar;C:\Users\Rebecca Sacarescu\.m2\repository\org\apache\tomcat\embed\tomcat-embed-core\10.1.41\tomcat-embed-core-10.1.41.jar;C:\Users\Rebecca Sacarescu\.m2\repository\org\apache\tomcat\embed\tomcat-embed-el\10.1.41\tomcat-embed-el-10.1.41.jar;C:\Users\Rebecca Sacarescu\.m2\repository\org\apache\tomcat\embed\tomcat-embed-websocket\10.1.41\tomcat-embed-websocket-10.1.41.jar;C:\Users\Rebecca Sacarescu\.m2\repository\org\springframework\spring-web\6.2.7\spring-web-6.2.7.jar;C:\Users\Rebecca Sacarescu\.m2\repository\io\micrometer\micrometer-observation\1.15.0\micrometer-observation-1.15.0.jar;C:\Users\Rebecca Sacarescu\.m2\repository\io\micrometer\micrometer-commons\1.15.0\micrometer-commons-1.15.0.jar;C:\Users\Rebecca Sacarescu\.m2\repository\org\springframework\spring-webmvc\6.2.7\spring-webmvc-6.2.7.jar;C:\Users\Rebecca Sacarescu\.m2\repository\org\springframework\spring-expression\6.2.7\spring-expression-6.2.7.jar;C:\Users\Rebecca Sacarescu\.m2\repository\org\projectlombok\lombok\1.18.38\lombok-1.18.38.jar;C:\Users\Rebecca Sacarescu\.m2\repository\org\springframework\boot\spring-boot-devtools\3.5.0\spring-boot-devtools-3.5.0.jar;C:\Users\Rebecca Sacarescu\.m2\repository\org\springframework\boot\spring-boot\3.5.0\spring-boot-3.5.0.jar;C:\Users\Rebecca Sacarescu\.m2\repository\org\springframework\boot\spring-boot-autoconfigure\3.5.0\spring-boot-autoconfigure-3.5.0.jar;C:\Users\Rebecca Sacarescu\.m2\repository\org\postgresql\postgresql\42.7.5\postgresql-42.7.5.jar;C:\Users\Rebecca Sacarescu\.m2\repository\org\checkerframework\checker-qual\3.48.3\checker-qual-3.48.3.jar;C:\Users\Rebecca Sacarescu\.m2\repository\jakarta\xml\bind\jakarta.xml.bind-api\4.0.2\jakarta.xml.bind-api-4.0.2.jar;C:\Users\Rebecca Sacarescu\.m2\repository\jakarta\activation\jakarta.activation-api\2.1.3\jakarta.activation-api-2.1.3.jar;C:\Users\Rebecca Sacarescu\.m2\repository\org\springframework\spring-core\6.2.7\spring-core-6.2.7.jar;C:\Users\Rebecca Sacarescu\.m2\repository\org\springframework\spring-jcl\6.2.7\spring-jcl-6.2.7.jar;C:\Users\Rebecca Sacarescu\.m2\repository\org\springframework\boot\spring-boot-starter-security\3.5.0\spring-boot-starter-security-3.5.0.jar;C:\Users\Rebecca Sacarescu\.m2\repository\org\springframework\spring-aop\6.2.7\spring-aop-6.2.7.jar;C:\Users\Rebecca Sacarescu\.m2\repository\org\springframework\security\spring-security-config\6.5.0\spring-security-config-6.5.0.jar;C:\Users\Rebecca Sacarescu\.m2\repository\org\springframework\security\spring-security-core\6.5.0\spring-security-core-6.5.0.jar;C:\Users\Rebecca Sacarescu\.m2\repository\org\springframework\security\spring-security-crypto\6.5.0\spring-security-crypto-6.5.0.jar;C:\Users\Rebecca Sacarescu\.m2\repository\org\springframework\security\spring-security-web\6.5.0\spring-security-web-6.5.0.jar
Launcher Type: SUN_STANDARD

[Global flags]
     intx CICompilerCount                          = 4                                         {product} {ergonomic}
     uint ConcGCThreads                            = 2                                         {product} {ergonomic}
     uint G1ConcRefinementThreads                  = 8                                         {product} {ergonomic}
   size_t G1HeapRegionSize                         = 2097152                                   {product} {ergonomic}
   size_t InitialHeapSize                          = 264241152                                 {product} {ergonomic}
     bool ManagementServer                         = true                                      {product} {command line}
   size_t MarkStackSize                            = 4194304                                   {product} {ergonomic}
   size_t MarkStackSizeMax                         = 536870912                                 {product} {ergonomic}
   size_t MaxHeapSize                              = 4225761280                                {product} {ergonomic}
   size_t MaxNewSize                               = 2535456768                                {product} {ergonomic}
   size_t MinHeapDeltaBytes                        = 2097152                                   {product} {ergonomic}
   size_t MinHeapSize                              = 8388608                                   {product} {ergonomic}
    uintx NonNMethodCodeHeapSize                   = 4096                                   {pd product} {ergonomic}
    uintx NonProfiledCodeHeapSize                  = 0                                      {pd product} {ergonomic}
     bool ProfileInterpreter                       = false                                  {pd product} {command line}
    uintx ProfiledCodeHeapSize                     = 0                                      {pd product} {ergonomic}
   size_t SoftMaxHeapSize                          = 4225761280                             {manageable} {ergonomic}
     intx TieredStopAtLevel                        = 1                                         {product} {command line}
     bool UseCompressedOops                        = true                           {product lp64_product} {ergonomic}
     bool UseG1GC                                  = true                                      {product} {ergonomic}
     bool UseLargePagesIndividualAllocation        = false                                  {pd product} {ergonomic}

Logging:
Log output configuration:
 #0: stdout all=warning uptime,level,tags foldmultilines=false
 #1: stderr all=off uptime,level,tags foldmultilines=false

Environment Variables:
PATH=C:\oraclexe\app\oracle\product\11.2.0\server\bin;;C:\Program Files\Common Files\Oracle\Java\javapath;C:\Program Files\Python313\Scripts\;C:\Program Files\Python313\;C:\oraclexe\app\oracle\product\11.2.0\server\bin;C:\ProgramData\Oracle\Java\javapath;C:\WINDOWS\system32;C:\WINDOWS;C:\WINDOWS\System32\Wbem;C:\WINDOWS\System32\WindowsPowerShell\v1.0\;C:\WINDOWS\System32\OpenSSH\;C:\TDM-GCC-32\bin;C:\Users\Rebecca Sacarescu\AppData\Local\Programs\Python\Python312;C:\Program Files\Git\cmd;C:\Program Files\apache-maven-3.9.9\bin;C:\Program Files\Java\jdk-23\bin;C:\Program Files\nodejs\;C:\ProgramData\chocolatey\bin;C:\Users\Rebecca Sacarescu\AppData\Local\Microsoft\WindowsApps;C:\Users\Rebecca Sacarescu\AppData\Local\Programs\Microsoft VS Code\bin;C:\iverilog\bin;C:\iverilog\gtkwave\bin;C:\Users\Rebecca Sacarescu\AppData\Roaming\npm;C:\Program Files\SDCC\bin
USERNAME=Rebecca Sacarescu
OS=Windows_NT
PROCESSOR_IDENTIFIER=Intel64 Family 6 Model 140 Stepping 1, GenuineIntel
TMP=C:\Users\REBECC~1\AppData\Local\Temp
TEMP=C:\Users\REBECC~1\AppData\Local\Temp




Periodic native trim disabled

---------------  S Y S T E M  ---------------

OS:
 Windows 11 , 64 bit Build 26100 (10.0.26100.3912)
OS uptime: 14 days 13:48 hours
Hyper-V role detected

CPU: total 8 (initial active 8) (4 cores per cpu, 2 threads per core) family 6 model 140 stepping 1 microcode 0xbc, cx8, cmov, fxsr, ht, mmx, 3dnowpref, sse, sse2, sse3, ssse3, sse4.1, sse4.2, popcnt, lzcnt, tsc, tscinvbit, avx, avx2, aes, erms, clmul, bmi1, bmi2, adx, avx512f, avx512dq, avx512cd, avx512bw, avx512vl, sha, fma, vzeroupper, avx512_vpopcntdq, avx512_vpclmulqdq, avx512_vaes, avx512_vnni, clflush, clflushopt, clwb, avx512_vbmi2, avx512_vbmi, hv, rdtscp, rdpid, fsrm, gfni, avx512_bitalg, f16c, cet_ibt, cet_ss, avx512_ifma
Processor Information for processor 0
  Max Mhz: 2803, Current Mhz: 1001, Mhz Limit: 2803
Processor Information for processor 1
  Max Mhz: 2803, Current Mhz: 1001, Mhz Limit: 2803
Processor Information for processor 2
  Max Mhz: 2803, Current Mhz: 2803, Mhz Limit: 2803
Processor Information for processor 3
  Max Mhz: 2803, Current Mhz: 2803, Mhz Limit: 2803
Processor Information for processor 4
  Max Mhz: 2803, Current Mhz: 2803, Mhz Limit: 2803
Processor Information for processor 5
  Max Mhz: 2803, Current Mhz: 2803, Mhz Limit: 2803
Processor Information for processor 6
  Max Mhz: 2803, Current Mhz: 2803, Mhz Limit: 2803
Processor Information for processor 7
  Max Mhz: 2803, Current Mhz: 2803, Mhz Limit: 2803

Memory: 4k page, system-wide physical 16118M (3651M free)
TotalPageFile size 16118M (AvailPageFile size 6M)
current process WorkingSet (physical memory assigned to process): 388M, peak: 388M
current process commit charge ("private bytes"): 428M, peak: 474M

vm_info: OpenJDK 64-Bit Server VM (23.0.1+11-39) for windows-amd64 JRE (23.0.1+11-39), built on 2024-09-30T07:20:43Z with MS VC++ 17.6 (VS2022)

END.
